0 info it worked if it ends with ok
1 verbose cli [ 'G:\\Justins Stuff\\Development\\Nodejs\\\\node.exe',
1 verbose cli   'G:\\Justins Stuff\\Development\\Nodejs\\node_modules\\npm\\bin\\npm-cli.js',
1 verbose cli   'install',
1 verbose cli   'request' ]
2 info using npm@2.5.1
3 info using node@v0.12.0
4 verbose node symlink G:\Justins Stuff\Development\Nodejs\\node.exe
5 silly cache add args [ 'request', null ]
6 verbose cache add spec request
7 silly cache add parsed spec { raw: 'request',
7 silly cache add   scope: null,
7 silly cache add   name: 'request',
7 silly cache add   rawSpec: '',
7 silly cache add   spec: '*',
7 silly cache add   type: 'range' }
8 verbose addNamed request@*
9 silly addNamed semver.valid null
10 silly addNamed semver.validRange *
11 silly addNameRange { name: 'request', range: '*', hasData: false }
12 silly mapToRegistry name request
13 silly mapToRegistry using default registry
14 silly mapToRegistry registry https://registry.npmjs.org/
15 silly mapToRegistry uri https://registry.npmjs.org/request
16 verbose addNameRange registry:https://registry.npmjs.org/request not in flight; fetching
17 verbose request uri https://registry.npmjs.org/request
18 verbose request no auth needed
19 info attempt registry request try #1 at 12:11:13 AM
20 verbose request id ebc7758eec13e1ef
21 http request GET https://registry.npmjs.org/request
22 http 200 https://registry.npmjs.org/request
23 silly get cb [ 200,
23 silly get   { date: 'Fri, 17 Apr 2015 06:11:13 GMT',
23 silly get     server: 'CouchDB/1.5.0 (Erlang OTP/R16B03)',
23 silly get     etag: '"50C8T2ZHMC6XUOFUK63ZV5AR1"',
23 silly get     'content-type': 'application/json',
23 silly get     'cache-control': 'max-age=60',
23 silly get     'content-length': '145780',
23 silly get     'accept-ranges': 'bytes',
23 silly get     via: '1.1 varnish',
23 silly get     age: '54',
23 silly get     'x-served-by': 'cache-ord1734-ORD',
23 silly get     'x-cache': 'HIT',
23 silly get     'x-cache-hits': '1',
23 silly get     'x-timer': 'S1429251073.083239,VS0,VE0',
23 silly get     vary: 'Accept',
23 silly get     'keep-alive': 'timeout=10, max=50',
23 silly get     connection: 'Keep-Alive' } ]
24 verbose get saving request to C:\Users\Justinh\AppData\Roaming\npm-cache\registry.npmjs.org\request\.cache.json
25 verbose getCacheStat cache creation not in flight; initializing
26 verbose makeCacheDir UID & GID are irrelevant on win32
27 silly addNameRange number 2 { name: 'request', range: '*', hasData: true }
28 silly addNameRange versions [ 'request',
28 silly addNameRange   [ '0.10.0',
28 silly addNameRange     '0.8.3',
28 silly addNameRange     '0.9.0',
28 silly addNameRange     '0.9.1',
28 silly addNameRange     '0.9.5',
28 silly addNameRange     '1.0.0',
28 silly addNameRange     '1.1.0',
28 silly addNameRange     '1.1.1',
28 silly addNameRange     '1.2.0',
28 silly addNameRange     '1.9.0',
28 silly addNameRange     '1.9.1',
28 silly addNameRange     '1.9.2',
28 silly addNameRange     '1.9.3',
28 silly addNameRange     '1.9.5',
28 silly addNameRange     '1.9.7',
28 silly addNameRange     '1.9.8',
28 silly addNameRange     '1.9.9',
28 silly addNameRange     '2.0.0',
28 silly addNameRange     '2.0.1',
28 silly addNameRange     '2.0.2',
28 silly addNameRange     '2.0.3',
28 silly addNameRange     '2.0.4',
28 silly addNameRange     '2.0.5',
28 silly addNameRange     '2.1.0',
28 silly addNameRange     '2.1.1',
28 silly addNameRange     '2.2.0',
28 silly addNameRange     '2.2.5',
28 silly addNameRange     '2.2.6',
28 silly addNameRange     '2.2.9',
28 silly addNameRange     '2.9.0',
28 silly addNameRange     '2.9.1',
28 silly addNameRange     '2.9.2',
28 silly addNameRange     '2.9.3',
28 silly addNameRange     '2.9.100',
28 silly addNameRange     '2.9.150',
28 silly addNameRange     '2.9.151',
28 silly addNameRange     '2.9.152',
28 silly addNameRange     '2.9.153',
28 silly addNameRange     '2.9.200',
28 silly addNameRange     '2.9.201',
28 silly addNameRange     '2.9.202',
28 silly addNameRange     '2.9.203',
28 silly addNameRange     '2.10.0',
28 silly addNameRange     '2.11.0',
28 silly addNameRange     '2.11.1',
28 silly addNameRange     '2.11.2',
28 silly addNameRange     '2.11.3',
28 silly addNameRange     '2.11.4',
28 silly addNameRange     '2.12.0',
28 silly addNameRange     '2.14.0',
28 silly addNameRange     '2.16.0',
28 silly addNameRange     '2.16.2',
28 silly addNameRange     '2.16.4',
28 silly addNameRange     '2.16.6',
28 silly addNameRange     '2.18.0',
28 silly addNameRange     '2.19.0',
28 silly addNameRange     '2.20.0',
28 silly addNameRange     '2.21.0',
28 silly addNameRange     '2.22.0',
28 silly addNameRange     '2.23.0',
28 silly addNameRange     '2.24.0',
28 silly addNameRange     '2.25.0',
28 silly addNameRange     '2.26.0',
28 silly addNameRange     '2.27.0',
28 silly addNameRange     '2.28.0',
28 silly addNameRange     '2.29.0',
28 silly addNameRange     '2.30.0',
28 silly addNameRange     '2.31.0',
28 silly addNameRange     '2.32.0',
28 silly addNameRange     '2.33.0',
28 silly addNameRange     '2.34.0',
28 silly addNameRange     '2.35.0',
28 silly addNameRange     '2.36.0',
28 silly addNameRange     '2.37.0',
28 silly addNameRange     '2.38.0',
28 silly addNameRange     '2.39.0',
28 silly addNameRange     '2.40.0',
28 silly addNameRange     '2.41.0',
28 silly addNameRange     '2.42.0',
28 silly addNameRange     '2.43.0',
28 silly addNameRange     '2.44.0',
28 silly addNameRange     '2.45.0',
28 silly addNameRange     '2.46.0',
28 silly addNameRange     '2.47.0',
28 silly addNameRange     '2.48.0',
28 silly addNameRange     '2.49.0',
28 silly addNameRange     '2.50.0',
28 silly addNameRange     '2.51.0',
28 silly addNameRange     '2.52.0',
28 silly addNameRange     '2.53.0',
28 silly addNameRange     '2.54.0',
28 silly addNameRange     '2.55.0' ] ]
29 verbose addNamed request@2.55.0
30 silly addNamed semver.valid 2.55.0
31 silly addNamed semver.validRange 2.55.0
32 silly mapToRegistry name request
33 silly mapToRegistry using default registry
34 silly mapToRegistry registry https://registry.npmjs.org/
35 silly mapToRegistry uri https://registry.npmjs.org/request
36 verbose addRemoteTarball https://registry.npmjs.org/request/-/request-2.55.0.tgz not in flight; adding
37 verbose addRemoteTarball [ 'https://registry.npmjs.org/request/-/request-2.55.0.tgz',
37 verbose addRemoteTarball   'd75c1cdf679d76bb100f9bffe1fe551b5c24e93d' ]
38 info retry fetch attempt 1 at 12:11:13 AM
39 info attempt registry request try #1 at 12:11:13 AM
40 http fetch GET https://registry.npmjs.org/request/-/request-2.55.0.tgz
41 http fetch 200 https://registry.npmjs.org/request/-/request-2.55.0.tgz
42 silly fetchAndShaCheck shasum d75c1cdf679d76bb100f9bffe1fe551b5c24e93d
43 verbose addTmpTarball C:\Users\Justinh\AppData\Local\Temp\npm-6600-21a24d1f\registry.npmjs.org\request\-\request-2.55.0.tgz not in flight; adding
44 verbose addTmpTarball already have metadata; skipping unpack for request@2.55.0
45 silly cache afterAdd request@2.55.0
46 verbose afterAdd C:\Users\Justinh\AppData\Roaming\npm-cache\request\2.55.0\package\package.json not in flight; writing
47 verbose afterAdd C:\Users\Justinh\AppData\Roaming\npm-cache\request\2.55.0\package\package.json written
48 silly install resolved [ { name: 'request',
48 silly install resolved     description: 'Simplified HTTP request client.',
48 silly install resolved     tags: [ 'http', 'simple', 'util', 'utility' ],
48 silly install resolved     version: '2.55.0',
48 silly install resolved     author: { name: 'Mikeal Rogers', email: 'mikeal.rogers@gmail.com' },
48 silly install resolved     repository: { type: 'git', url: 'https://github.com/request/request.git' },
48 silly install resolved     bugs: { url: 'http://github.com/request/request/issues' },
48 silly install resolved     license: 'Apache-2.0',
48 silly install resolved     engines: { node: '>=0.8.0' },
48 silly install resolved     main: 'index.js',
48 silly install resolved     dependencies:
48 silly install resolved      { bl: '~0.9.0',
48 silly install resolved        caseless: '~0.9.0',
48 silly install resolved        'forever-agent': '~0.6.0',
48 silly install resolved        'form-data': '~0.2.0',
48 silly install resolved        'json-stringify-safe': '~5.0.0',
48 silly install resolved        'mime-types': '~2.0.1',
48 silly install resolved        'node-uuid': '~1.4.0',
48 silly install resolved        qs: '~2.4.0',
48 silly install resolved        'tunnel-agent': '~0.4.0',
48 silly install resolved        'tough-cookie': '>=0.12.0',
48 silly install resolved        'http-signature': '~0.10.0',
48 silly install resolved        'oauth-sign': '~0.6.0',
48 silly install resolved        hawk: '~2.3.0',
48 silly install resolved        'aws-sign2': '~0.5.0',
48 silly install resolved        stringstream: '~0.0.4',
48 silly install resolved        'combined-stream': '~0.0.5',
48 silly install resolved        isstream: '~0.1.1',
48 silly install resolved        'har-validator': '^1.4.0' },
48 silly install resolved     scripts:
48 silly install resolved      { test: 'npm run lint && node node_modules/.bin/taper tests/test-*.js && npm run test-browser',
48 silly install resolved        'test-browser': 'node tests/browser/start.js',
48 silly install resolved        lint: 'node node_modules/.bin/eslint lib/ *.js tests/ && echo Lint passed.' },
48 silly install resolved     devDependencies:
48 silly install resolved      { browserify: '~5.9.1',
48 silly install resolved        'browserify-istanbul': '~0.1.3',
48 silly install resolved        coveralls: '~2.11.2',
48 silly install resolved        eslint: '0.17.1',
48 silly install resolved        'function-bind': '~1.0.0',
48 silly install resolved        istanbul: '~0.3.2',
48 silly install resolved        karma: '~0.12.21',
48 silly install resolved        'karma-browserify': '~3.0.1',
48 silly install resolved        'karma-cli': '0.0.4',
48 silly install resolved        'karma-coverage': '0.2.6',
48 silly install resolved        'karma-phantomjs-launcher': '~0.1.4',
48 silly install resolved        'karma-tap': '~1.0.1',
48 silly install resolved        rimraf: '~2.2.8',
48 silly install resolved        'server-destroy': '~1.0.0',
48 silly install resolved        tape: '~3.0.0',
48 silly install resolved        taper: '~0.4.0',
48 silly install resolved        bluebird: '~2.9.21' },
48 silly install resolved     gitHead: 'b6000376387db12d0c2d7ed9ee87b0ba123e36dc',
48 silly install resolved     homepage: 'https://github.com/request/request',
48 silly install resolved     _id: 'request@2.55.0',
48 silly install resolved     _shasum: 'd75c1cdf679d76bb100f9bffe1fe551b5c24e93d',
48 silly install resolved     _from: 'request@*',
48 silly install resolved     _npmVersion: '1.4.28',
48 silly install resolved     _npmUser: { name: 'simov', email: 'simeonvelichkov@gmail.com' },
48 silly install resolved     maintainers: [ [Object], [Object], [Object], [Object] ],
48 silly install resolved     dist:
48 silly install resolved      { shasum: 'd75c1cdf679d76bb100f9bffe1fe551b5c24e93d',
48 silly install resolved        tarball: 'http://registry.npmjs.org/request/-/request-2.55.0.tgz' },
48 silly install resolved     directories: {},
48 silly install resolved     _resolved: 'https://registry.npmjs.org/request/-/request-2.55.0.tgz' } ]
49 info install request@2.55.0 into C:\Users\Justinh\Dropbox\402Dashboard\402dashboard
50 info installOne request@2.55.0
51 verbose installOne of request to C:\Users\Justinh\Dropbox\402Dashboard\402dashboard not in flight; installing
52 verbose lock using C:\Users\Justinh\AppData\Roaming\npm-cache\_locks\request-5057312c5848d1ac.lock for C:\Users\Justinh\Dropbox\402Dashboard\402dashboard\node_modules\request
53 silly install write writing request 2.55.0 to C:\Users\Justinh\Dropbox\402Dashboard\402dashboard\node_modules\request
54 silly cache addNamed cb request@2.55.0
55 verbose unbuild node_modules\request
56 info preuninstall request@2.55.1
57 info uninstall request@2.55.1
58 verbose unbuild rmStuff request@2.55.1 from C:\Users\Justinh\Dropbox\402Dashboard\402dashboard\node_modules
59 info postuninstall request@2.55.1
60 verbose gentlyRm vacuuming C:\Users\Justinh\Dropbox\402Dashboard\402dashboard\node_modules\request
61 silly gentlyRm purging C:\Users\Justinh\Dropbox\402Dashboard\402dashboard\node_modules\request
62 silly gentlyRm quitting because other entries in C:\Users\Justinh\Dropbox\402Dashboard\402dashboard\node_modules
63 verbose tar unpack C:\Users\Justinh\AppData\Roaming\npm-cache\request\2.55.0\package.tgz
64 verbose tar unpacking to C:\Users\Justinh\Dropbox\402Dashboard\402dashboard\node_modules\request
65 verbose gentlyRm vacuuming C:\Users\Justinh\Dropbox\402Dashboard\402dashboard\node_modules\request
66 silly gentlyRm Error: EPERM, lstat 'C:\Users\Justinh\Dropbox\402Dashboard\402dashboard\node_modules\request'
66 silly gentlyRm     at Error (native)
67 verbose unlock done using C:\Users\Justinh\AppData\Roaming\npm-cache\_locks\request-5057312c5848d1ac.lock for C:\Users\Justinh\Dropbox\402Dashboard\402dashboard\node_modules\request
68 verbose stack Error: EPERM, lstat 'C:\Users\Justinh\Dropbox\402Dashboard\402dashboard\node_modules\request'
68 verbose stack     at Error (native)
69 verbose cwd C:\Users\Justinh\Dropbox\402Dashboard\402dashboard
70 error Windows_NT 6.1.7601
71 error argv "G:\\Justins Stuff\\Development\\Nodejs\\\\node.exe" "G:\\Justins Stuff\\Development\\Nodejs\\node_modules\\npm\\bin\\npm-cli.js" "install" "request"
72 error node v0.12.0
73 error npm  v2.5.1
74 error path C:\Users\Justinh\Dropbox\402Dashboard\402dashboard\node_modules\request
75 error code EPERM
76 error errno -4048
77 error Error: EPERM, lstat 'C:\Users\Justinh\Dropbox\402Dashboard\402dashboard\node_modules\request'
77 error     at Error (native)
77 error  { [Error: EPERM, lstat 'C:\Users\Justinh\Dropbox\402Dashboard\402dashboard\node_modules\request']
77 error   errno: -4048,
77 error   code: 'EPERM',
77 error   path: 'C:\\Users\\Justinh\\Dropbox\\402Dashboard\\402dashboard\\node_modules\\request' }
78 error Please try running this command again as root/Administrator.
79 verbose exit [ -4048, true ]
80 verbose unbuild node_modules\request
81 verbose gentlyRm vacuuming C:\Users\Justinh\Dropbox\402Dashboard\402dashboard\node_modules\request
